[debug] [2024-11-13T17:10:41.191Z] ----------------------------------------------------------------------
[debug] [2024-11-13T17:10:41.194Z] Command:       C:\Program Files\nodejs\node.exe C:\Users\enzoy\AppData\Roaming\npm\node_modules\firebase-tools\lib\bin\firebase.js init
[debug] [2024-11-13T17:10:41.194Z] CLI Version:   13.25.0
[debug] [2024-11-13T17:10:41.194Z] Platform:      win32
[debug] [2024-11-13T17:10:41.194Z] Node Version:  v20.17.0
[debug] [2024-11-13T17:10:41.194Z] Time:          Wed Nov 13 2024 14:10:41 GMT-0300 (Brasilia Standard Time)
[debug] [2024-11-13T17:10:41.194Z] ----------------------------------------------------------------------
[debug] 
[debug] [2024-11-13T17:10:41.200Z] > command requires scopes: ["email","openid","https://www.googleapis.com/auth/cloudplatformprojects.readonly","https://www.googleapis.com/auth/firebase","https://www.googleapis.com/auth/cloud-platform"]
[debug] [2024-11-13T17:10:41.200Z] > authorizing via signed-in user (enzo.ey2003@gmail.com)
[info] 
     ######## #### ########  ######## ########     ###     ######  ########
     ##        ##  ##     ## ##       ##     ##  ##   ##  ##       ##
     ######    ##  ########  ######   ########  #########  ######  ######
     ##        ##  ##    ##  ##       ##     ## ##     ##       ## ##
     ##       #### ##     ## ######## ########  ##     ##  ######  ########

You're about to initialize a Firebase project in this directory:

  C:\Users\enzoy\OneDrive\Documents\Enzo's Folder\Estudos\Projeto Integrador

[info] 
=== Project Setup
[info] 
[info] First, let's associate this project directory with a Firebase project.
[info] You can create multiple project aliases by running firebase use --add, 
[info] but for now we'll just set up a default project.
[info] 
[debug] [2024-11-13T17:10:47.147Z] Checked if tokens are valid: true, expires at: 1731520259755
[debug] [2024-11-13T17:10:47.147Z] Checked if tokens are valid: true, expires at: 1731520259755
[debug] [2024-11-13T17:10:47.148Z] >>> [apiv2][query] GET https://firebase.googleapis.com/v1beta1/projects pageSize=100
[debug] [2024-11-13T17:10:47.976Z] <<< [apiv2][status] GET https://firebase.googleapis.com/v1beta1/projects 200
[debug] [2024-11-13T17:10:47.976Z] <<< [apiv2][body] GET https://firebase.googleapis.com/v1beta1/projects [omitted]
[info] i  Using project tune-trails-fb1a0 (Tune Trails) 
[info] 
=== Dataconnect Setup
[debug] [2024-11-13T17:10:48.835Z] Checked if tokens are valid: true, expires at: 1731520259755
[debug] [2024-11-13T17:10:48.836Z] Checked if tokens are valid: true, expires at: 1731520259755
[debug] [2024-11-13T17:10:48.836Z] >>> [apiv2][query] GET https://cloudbilling.googleapis.com/v1/projects/tune-trails-fb1a0/billingInfo [none]
[debug] [2024-11-13T17:10:53.027Z] <<< [apiv2][status] GET https://cloudbilling.googleapis.com/v1/projects/tune-trails-fb1a0/billingInfo 200
[debug] [2024-11-13T17:10:53.027Z] <<< [apiv2][body] GET https://cloudbilling.googleapis.com/v1/projects/tune-trails-fb1a0/billingInfo {"name":"projects/tune-trails-fb1a0/billingInfo","projectId":"tune-trails-fb1a0","billingAccountName":"","billingEnabled":false}
[info] i  dataconnect: ensuring required API sqladmin.googleapis.com is enabled... 
[debug] [2024-11-13T17:10:53.028Z] Checked if tokens are valid: true, expires at: 1731520259755
[debug] [2024-11-13T17:10:53.028Z] Checked if tokens are valid: true, expires at: 1731520259755
[debug] [2024-11-13T17:10:53.028Z] >>> [apiv2][query] GET https://serviceusage.googleapis.com/v1/projects/tune-trails-fb1a0/services/sqladmin.googleapis.com [none]
[debug] [2024-11-13T17:10:53.028Z] >>> [apiv2][(partial)header] GET https://serviceusage.googleapis.com/v1/projects/tune-trails-fb1a0/services/sqladmin.googleapis.com x-goog-quota-user=projects/tune-trails-fb1a0
[debug] [2024-11-13T17:10:57.252Z] <<< [apiv2][status] GET https://serviceusage.googleapis.com/v1/projects/tune-trails-fb1a0/services/sqladmin.googleapis.com 200
[debug] [2024-11-13T17:10:57.252Z] <<< [apiv2][body] GET https://serviceusage.googleapis.com/v1/projects/tune-trails-fb1a0/services/sqladmin.googleapis.com [omitted]
[info] +  dataconnect: required API sqladmin.googleapis.com is enabled 
[info] i  dataconnect\dataconnect.yaml is unchanged 
[info] i  dataconnect\schema\schema.gql is unchanged 
[info] +  Wrote dataconnect\connector\connector.yaml 
[info] i  dataconnect\connector\queries.gql is unchanged 
[info] i  dataconnect\connector\mutations.gql is unchanged 
[info] +  Detected WEB app in directory C:\Users\enzoy\OneDrive\Documents\Enzo's Folder\Estudos\Projeto Integrador 
[info] i  Wrote new config to C:\Users\enzoy\OneDrive\Documents\Enzo's Folder\Estudos\Projeto Integrador\dataconnect\connector/connector.yaml 
[info] I1113 14:11:22.396434   27792 codegen.go:82] [connector "default" javascriptSdk] Generating sources into "C:\\Users\\enzoy\\OneDrive\\Documents\\Enzo's Folder\\Estudos\\Projeto Integrador\\dataconnect-generated\\js\\default-connector"
I1113 14:11:22.397411   27792 generate.go:40] Generated all sources. Writing them to disk...
I1113 14:11:22.407542   27792 collector.go:107] connector "default" javascriptSdk wrote into "C:\\Users\\enzoy\\OneDrive\\Documents\\Enzo's Folder\\Estudos\\Projeto Integrador\\dataconnect-generated\\js\\default-connector"
Generated sources: esm\package.json [17B] index.cjs.js [232B] package.json [623B] index.d.ts [264B] esm\index.esm.js [191B] 
I1113 14:11:22.415005   27792 installsdk.go:76] Running command: C:\Program Files\nodejs\npm.cmd install file:dataconnect-generated\js\default-connector
E1113 14:11:24.032116   27792 installsdk.go:78] Failed to install package: exit status 0xfffff030

[info] i  Generated SDK code for default 
[info] +  If you'd like to add more generated SDKs to your app your later, run firebase init dataconnect:sdk again 
[info] i  If you'd like to provision a CloudSQL Postgres instance on the Firebase Data Connect no-cost trial:
1. Please upgrade to the pay-as-you-go (Blaze) billing plan. Visit the following page:
     https://console.firebase.google.com/project/tune-trails-fb1a0/usage/details
2. Run firebase init dataconnect again to configure the Cloud SQL instance.
3. Run firebase deploy --only dataconnect to deploy your Data Connect service. 
[info] 
=== Firestore Setup
[debug] [2024-11-13T17:11:24.037Z] Checked if tokens are valid: true, expires at: 1731520259755
[debug] [2024-11-13T17:11:24.037Z] Checked if tokens are valid: true, expires at: 1731520259755
[debug] [2024-11-13T17:11:24.037Z] >>> [apiv2][query] GET https://serviceusage.googleapis.com/v1/projects/tune-trails-fb1a0/services/firestore.googleapis.com [none]
[debug] [2024-11-13T17:11:24.037Z] >>> [apiv2][(partial)header] GET https://serviceusage.googleapis.com/v1/projects/tune-trails-fb1a0/services/firestore.googleapis.com x-goog-quota-user=projects/tune-trails-fb1a0
[debug] [2024-11-13T17:11:28.296Z] <<< [apiv2][status] GET https://serviceusage.googleapis.com/v1/projects/tune-trails-fb1a0/services/firestore.googleapis.com 200
[debug] [2024-11-13T17:11:28.296Z] <<< [apiv2][body] GET https://serviceusage.googleapis.com/v1/projects/tune-trails-fb1a0/services/firestore.googleapis.com [omitted]
[debug] [2024-11-13T17:11:28.297Z] Checked if tokens are valid: true, expires at: 1731520259755
[debug] [2024-11-13T17:11:28.297Z] Checked if tokens are valid: true, expires at: 1731520259755
[debug] [2024-11-13T17:11:28.297Z] >>> [apiv2][query] GET https://firestore.googleapis.com/v1/projects/tune-trails-fb1a0/databases/(default) [none]
[debug] [2024-11-13T17:11:29.545Z] <<< [apiv2][status] GET https://firestore.googleapis.com/v1/projects/tune-trails-fb1a0/databases/(default) 200
[debug] [2024-11-13T17:11:29.545Z] <<< [apiv2][body] GET https://firestore.googleapis.com/v1/projects/tune-trails-fb1a0/databases/(default) {"name":"projects/tune-trails-fb1a0/databases/(default)","uid":"6a46950b-481d-403b-92f2-fcab734827a6","createTime":"2024-11-13T17:08:31.160715Z","updateTime":"2024-11-13T17:08:31.160715Z","locationId":"nam5","type":"FIRESTORE_NATIVE","concurrencyMode":"PESSIMISTIC","versionRetentionPeriod":"3600s","earliestVersionTime":"2024-11-13T17:08:31.160715Z","appEngineIntegrationMode":"DISABLED","keyPrefix":"s","pointInTimeRecoveryEnablement":"POINT_IN_TIME_RECOVERY_DISABLED","deleteProtectionState":"DELETE_PROTECTION_DISABLED","etag":"IL23w+Xm2YkDMIur4pDm2YkD"}
[debug] [2024-11-13T17:11:29.545Z] database_type: FIRESTORE_NATIVE
[debug] [2024-11-13T17:11:29.545Z] database_type: FIRESTORE_NATIVE
[debug] [2024-11-13T17:11:29.546Z] > command requires scopes: ["email","openid","https://www.googleapis.com/auth/cloudplatformprojects.readonly","https://www.googleapis.com/auth/firebase","https://www.googleapis.com/auth/cloud-platform"]
[debug] [2024-11-13T17:11:29.546Z] > authorizing via signed-in user (enzo.ey2003@gmail.com)
[debug] [2024-11-13T17:11:29.546Z] [iam] checking project tune-trails-fb1a0 for permissions ["firebase.projects.get"]
[debug] [2024-11-13T17:11:29.546Z] Checked if tokens are valid: true, expires at: 1731520259755
[debug] [2024-11-13T17:11:29.546Z] Checked if tokens are valid: true, expires at: 1731520259755
[debug] [2024-11-13T17:11:29.546Z] >>> [apiv2][query] POST https://cloudresourcemanager.googleapis.com/v1/projects/tune-trails-fb1a0:testIamPermissions [none]
[debug] [2024-11-13T17:11:29.546Z] >>> [apiv2][(partial)header] POST https://cloudresourcemanager.googleapis.com/v1/projects/tune-trails-fb1a0:testIamPermissions x-goog-quota-user=projects/tune-trails-fb1a0
[debug] [2024-11-13T17:11:29.546Z] >>> [apiv2][body] POST https://cloudresourcemanager.googleapis.com/v1/projects/tune-trails-fb1a0:testIamPermissions {"permissions":["firebase.projects.get"]}
[debug] [2024-11-13T17:11:34.101Z] <<< [apiv2][status] POST https://cloudresourcemanager.googleapis.com/v1/projects/tune-trails-fb1a0:testIamPermissions 200
[debug] [2024-11-13T17:11:34.101Z] <<< [apiv2][body] POST https://cloudresourcemanager.googleapis.com/v1/projects/tune-trails-fb1a0:testIamPermissions {"permissions":["firebase.projects.get"]}
[info] 
[info] Firestore Security Rules allow you to define how and when to allow
[info] requests. You can keep these rules in your project directory
[info] and publish them with firebase deploy.
[info] 
[debug] [2024-11-13T17:11:42.783Z] Checked if tokens are valid: true, expires at: 1731520259755
[debug] [2024-11-13T17:11:42.783Z] Checked if tokens are valid: true, expires at: 1731520259755
[debug] [2024-11-13T17:11:42.784Z] >>> [apiv2][query] GET https://firebaserules.googleapis.com/v1/projects/tune-trails-fb1a0/releases pageSize=10&pageToken=
[debug] [2024-11-13T17:11:47.931Z] <<< [apiv2][status] GET https://firebaserules.googleapis.com/v1/projects/tune-trails-fb1a0/releases 200
[debug] [2024-11-13T17:11:47.931Z] <<< [apiv2][body] GET https://firebaserules.googleapis.com/v1/projects/tune-trails-fb1a0/releases {"releases":[{"name":"projects/tune-trails-fb1a0/releases/cloud.firestore","rulesetName":"projects/tune-trails-fb1a0/rulesets/b8acdef5-0c08-4909-9054-13a7ef12dd04","createTime":"2024-11-13T17:08:41.786363Z","updateTime":"2024-11-13T17:08:41.786363Z"}]}
[debug] [2024-11-13T17:11:47.931Z] Found ruleset: projects/tune-trails-fb1a0/rulesets/b8acdef5-0c08-4909-9054-13a7ef12dd04
[debug] [2024-11-13T17:11:47.931Z] Checked if tokens are valid: true, expires at: 1731520259755
[debug] [2024-11-13T17:11:47.931Z] Checked if tokens are valid: true, expires at: 1731520259755
[debug] [2024-11-13T17:11:47.931Z] >>> [apiv2][query] GET https://firebaserules.googleapis.com/v1/projects/tune-trails-fb1a0/rulesets/b8acdef5-0c08-4909-9054-13a7ef12dd04 [none]
[debug] [2024-11-13T17:11:48.849Z] <<< [apiv2][status] GET https://firebaserules.googleapis.com/v1/projects/tune-trails-fb1a0/rulesets/b8acdef5-0c08-4909-9054-13a7ef12dd04 200
[debug] [2024-11-13T17:11:48.849Z] <<< [apiv2][body] GET https://firebaserules.googleapis.com/v1/projects/tune-trails-fb1a0/rulesets/b8acdef5-0c08-4909-9054-13a7ef12dd04 [omitted]
[info] 
[info] Firestore indexes allow you to perform complex queries while
[info] maintaining performance that scales with the size of the result
[info] set. You can keep index definitions in your project directory
[info] and publish them with firebase deploy.
[info] 
[debug] [2024-11-13T17:11:48.869Z] Checked if tokens are valid: true, expires at: 1731520259755
[debug] [2024-11-13T17:11:48.869Z] Checked if tokens are valid: true, expires at: 1731520259755
[debug] [2024-11-13T17:11:48.869Z] Checked if tokens are valid: true, expires at: 1731520259755
[debug] [2024-11-13T17:11:48.869Z] Checked if tokens are valid: true, expires at: 1731520259755
[debug] [2024-11-13T17:11:48.869Z] >>> [apiv2][query] GET https://firestore.googleapis.com/v1/projects/tune-trails-fb1a0/databases/(default)/collectionGroups/-/indexes [none]
[debug] [2024-11-13T17:11:48.871Z] >>> [apiv2][query] GET https://firestore.googleapis.com/v1/projects/tune-trails-fb1a0/databases/(default)/collectionGroups/-/fields?filter=indexConfig.usesAncestorConfig=false OR ttlConfig:* [none]
[debug] [2024-11-13T17:11:49.885Z] <<< [apiv2][status] GET https://firestore.googleapis.com/v1/projects/tune-trails-fb1a0/databases/(default)/collectionGroups/-/indexes 200
[debug] [2024-11-13T17:11:49.885Z] <<< [apiv2][body] GET https://firestore.googleapis.com/v1/projects/tune-trails-fb1a0/databases/(default)/collectionGroups/-/indexes {}
[debug] [2024-11-13T17:11:50.126Z] <<< [apiv2][status] GET https://firestore.googleapis.com/v1/projects/tune-trails-fb1a0/databases/(default)/collectionGroups/-/fields?filter=indexConfig.usesAncestorConfig=false OR ttlConfig:* 200
[debug] [2024-11-13T17:11:50.126Z] <<< [apiv2][body] GET https://firestore.googleapis.com/v1/projects/tune-trails-fb1a0/databases/(default)/collectionGroups/-/fields?filter=indexConfig.usesAncestorConfig=false OR ttlConfig:* {"fields":[{"name":"projects/tune-trails-fb1a0/databases/(default)/collectionGroups/__default__/fields/*","indexConfig":{"indexes":[{"queryScope":"COLLECTION","fields":[{"fieldPath":"*","order":"ASCENDING"}],"state":"READY"},{"queryScope":"COLLECTION","fields":[{"fieldPath":"*","order":"DESCENDING"}],"state":"READY"},{"queryScope":"COLLECTION","fields":[{"fieldPath":"*","arrayConfig":"CONTAINS"}],"state":"READY"}]}}]}
[info] 
=== Genkit Setup
[debug] [2024-11-13T17:11:50.298Z] Error: spawnSync npm ENOENT
    at Object.spawnSync (node:internal/child_process:1124:20)
    at spawnSync (node:child_process:877:24)
    at execFileSync (node:child_process:920:15)
    at getGenkitVersion (C:\Users\enzoy\AppData\Roaming\npm\node_modules\firebase-tools\lib\init\features\genkit\index.js:29:58)
    at doSetup (C:\Users\enzoy\AppData\Roaming\npm\node_modules\firebase-tools\lib\init\features\genkit\index.js:56:30)
    at init (C:\Users\enzoy\AppData\Roaming\npm\node_modules\firebase-tools\lib\init\index.js:41:15)
    at init (C:\Users\enzoy\AppData\Roaming\npm\node_modules\firebase-tools\lib\init\index.js:42:16)
    at process.processTicksAndRejections (node:internal/process/task_queues:95:5)
[error] 
[error] Error: An unexpected error has occurred.
